0 info it worked if it ends with ok
1 verbose cli [ '/home/finom/.nvm/versions/node/v6.3.0/bin/node',
1 verbose cli   '/home/finom/.nvm/versions/node/v6.3.0/bin/npm',
1 verbose cli   'run',
1 verbose cli   'stylelint' ]
2 info using npm@3.10.3
3 info using node@v6.3.0
4 verbose run-script [ 'prestylelint', 'stylelint', 'poststylelint' ]
5 info lifecycle jsonlintdotcom@0.0.1~prestylelint: jsonlintdotcom@0.0.1
6 silly lifecycle jsonlintdotcom@0.0.1~prestylelint: no script for prestylelint, continuing
7 info lifecycle jsonlintdotcom@0.0.1~stylelint: jsonlintdotcom@0.0.1
8 verbose lifecycle jsonlintdotcom@0.0.1~stylelint: unsafe-perm in lifecycle true
9 verbose lifecycle jsonlintdotcom@0.0.1~stylelint: PATH: /home/finom/.nvm/versions/node/v6.3.0/lib/node_modules/npm/bin/node-gyp-bin:/home/finom/Dropbox/sync/todd/jsonlintdotcom/node_modules/.bin:/home/finom/.nvm/versions/node/v6.3.0/bin:/home/finom/.nvm/versions/node/v6.3.0/bin:/usr/local/sbin:/usr/local/bin:/usr/sbin:/usr/bin:/sbin:/bin:/usr/games:/usr/local/games:/snap/bin:/snap/bin
10 verbose lifecycle jsonlintdotcom@0.0.1~stylelint: CWD: /home/finom/Dropbox/sync/todd/jsonlintdotcom
11 silly lifecycle jsonlintdotcom@0.0.1~stylelint: Args: [ '-c', 'stylelint css/style.css' ]
12 silly lifecycle jsonlintdotcom@0.0.1~stylelint: Returned: code: 2  signal: null
13 info lifecycle jsonlintdotcom@0.0.1~stylelint: Failed to exec stylelint script
14 verbose stack Error: jsonlintdotcom@0.0.1 stylelint: `stylelint css/style.css`
14 verbose stack Exit status 2
14 verbose stack     at EventEmitter.<anonymous> (/home/finom/.nvm/versions/node/v6.3.0/lib/node_modules/npm/lib/utils/lifecycle.js:242:16)
14 verbose stack     at emitTwo (events.js:106:13)
14 verbose stack     at EventEmitter.emit (events.js:191:7)
14 verbose stack     at ChildProcess.<anonymous> (/home/finom/.nvm/versions/node/v6.3.0/lib/node_modules/npm/lib/utils/spawn.js:40:14)
14 verbose stack     at emitTwo (events.js:106:13)
14 verbose stack     at ChildProcess.emit (events.js:191:7)
14 verbose stack     at maybeClose (internal/child_process.js:852:16)
14 verbose stack     at Process.ChildProcess._handle.onexit (internal/child_process.js:215:5)
15 verbose pkgid jsonlintdotcom@0.0.1
16 verbose cwd /home/finom/Dropbox/sync/todd/jsonlintdotcom
17 error Linux 4.4.0-31-generic
18 error argv "/home/finom/.nvm/versions/node/v6.3.0/bin/node" "/home/finom/.nvm/versions/node/v6.3.0/bin/npm" "run" "stylelint"
19 error node v6.3.0
20 error npm  v3.10.3
21 error code ELIFECYCLE
22 error jsonlintdotcom@0.0.1 stylelint: `stylelint css/style.css`
22 error Exit status 2
23 error Failed at the jsonlintdotcom@0.0.1 stylelint script 'stylelint css/style.css'.
23 error Make sure you have the latest version of node.js and npm installed.
23 error If you do, this is most likely a problem with the jsonlintdotcom package,
23 error not with npm itself.
23 error Tell the author that this fails on your system:
23 error     stylelint css/style.css
23 error You can get information on how to open an issue for this project with:
23 error     npm bugs jsonlintdotcom
23 error Or if that isn't available, you can get their info via:
23 error     npm owner ls jsonlintdotcom
23 error There is likely additional logging output above.
24 verbose exit [ 1, true ]
